2011.11.01 22:31 B C:\Privat\www\building\images\banner-bg.jpg --> linderback.com /Linderback/MonteRojo/images banner-bg.jpg
2011.11.01 22:31 B C:\Privat\www\building\images\banner-mr.jpg --> linderback.com /Linderback/MonteRojo/images banner-mr.jpg
2011.11.01 22:31 B C:\Privat\www\building\images\image1.jpg --> linderback.com /Linderback/MonteRojo/images image1.jpg
2011.12.11 20:46 B C:\Privat\www\building\images\banner-bg.jpg --> linderback.com /MonteRojo/images banner-bg.jpg
2011.12.11 20:46 B C:\Privat\www\building\images\banner-mr.jpg --> linderback.com /MonteRojo/images banner-mr.jpg
2011.12.11 20:46 B C:\Privat\www\building\images\GC007.jpg --> linderback.com /MonteRojo/images GC007.jpg
2011.12.11 20:46 B C:\Privat\www\building\images\GC013.jpg --> linderback.com /MonteRojo/images GC013.jpg
2011.12.11 20:46 B C:\Privat\www\building\images\GC2032.jpg --> linderback.com /MonteRojo/images GC2032.jpg
2011.12.11 20:46 B C:\Privat\www\building\images\image1.jpg --> linderback.com /MonteRojo/images image1.jpg
2011.12.11 20:46 B C:\Privat\www\building\images\PICT2902_mod.JPG --> linderback.com /MonteRojo/images PICT2902_mod.JPG
2011.12.11 20:46 B C:\Privat\www\building\images\PICT3032.JPG --> linderback.com /MonteRojo/images PICT3032.JPG
2011.12.11 20:46 B C:\Privat\www\building\images\PICT3038.JPG --> linderback.com /MonteRojo/images PICT3038.JPG
2011.12.11 20:46 B C:\Privat\www\building\images\PICT3093.JPG --> linderback.com /MonteRojo/images PICT3093.JPG
2011.12.11 20:46 B C:\Privat\www\building\images\PICT3094.JPG --> linderback.com /MonteRojo/images PICT3094.JPG
2011.12.11 20:46 B C:\Privat\www\building\images\WS_FTP.LOG --> linderback.com /MonteRojo/images WS_FTP.LOG
2011.12.11 20:58 B C:\Privat\www\building\images\GC2032.jpg --> linderback.com /MonteRojo/images GC2032.jpg
2011.12.11 21:03 B C:\Privat\www\building\images\GC2032_mod.jpg --> linderback.com /MonteRojo/images GC2032_mod.jpg
2011.12.24 20:53 B c:\privat\www\building\images\banner-bg.jpg --> linderback.com /monterojo/images banner-bg.jpg
2011.12.24 20:53 B c:\privat\www\building\images\banner-mr.jpg --> linderback.com /monterojo/images banner-mr.jpg
2011.12.24 20:53 B c:\privat\www\building\images\cimber_logo.bmp --> linderback.com /monterojo/images cimber_logo.bmp
2011.12.24 20:53 B c:\privat\www\building\images\destination_logo.JPG --> linderback.com /monterojo/images destination_logo.JPG
2011.12.24 20:53 B c:\privat\www\building\images\flygresor_logo.bmp --> linderback.com /monterojo/images flygresor_logo.bmp
2011.12.24 20:53 B c:\privat\www\building\images\GC007.jpg --> linderback.com /monterojo/images GC007.jpg
2011.12.24 20:53 B c:\privat\www\building\images\GC013.jpg --> linderback.com /monterojo/images GC013.jpg
2011.12.24 20:53 B c:\privat\www\building\images\GC2032.jpg --> linderback.com /monterojo/images GC2032.jpg
2011.12.24 20:53 B c:\privat\www\building\images\GC2032_mod.jpg --> linderback.com /monterojo/images GC2032_mod.jpg
2011.12.24 20:53 B c:\privat\www\building\images\image1.jpg --> linderback.com /monterojo/images image1.jpg
2011.12.24 20:53 B c:\privat\www\building\images\norwegian_logo.bmp --> linderback.com /monterojo/images norwegian_logo.bmp
2011.12.24 20:53 B c:\privat\www\building\images\norwegian_logo.GIF --> linderback.com /monterojo/images norwegian_logo.GIF
2011.12.24 20:53 B c:\privat\www\building\images\norwegian_logo.JPG --> linderback.com /monterojo/images norwegian_logo.JPG
2011.12.24 20:53 B c:\privat\www\building\images\PICT2902_mod.JPG --> linderback.com /monterojo/images PICT2902_mod.JPG
2011.12.24 20:53 B c:\privat\www\building\images\PICT3032.JPG --> linderback.com /monterojo/images PICT3032.JPG
2011.12.24 20:53 B c:\privat\www\building\images\PICT3038.JPG --> linderback.com /monterojo/images PICT3038.JPG
2011.12.24 20:53 B c:\privat\www\building\images\PICT3093.JPG --> linderback.com /monterojo/images PICT3093.JPG
2011.12.24 20:53 B c:\privat\www\building\images\PICT3094.JPG --> linderback.com /monterojo/images PICT3094.JPG
2011.12.24 20:53 B c:\privat\www\building\images\spanair_logo.bmp --> linderback.com /monterojo/images spanair_logo.bmp
2011.12.24 20:53 B c:\privat\www\building\images\supersavertravel_logo.bmp --> linderback.com /monterojo/images supersavertravel_logo.bmp
2011.12.24 20:53 B c:\privat\www\building\images\Thumbs.db --> linderback.com /monterojo/images Thumbs.db
2011.12.24 20:53 B c:\privat\www\building\images\WS_FTP.LOG --> linderback.com /monterojo/images WS_FTP.LOG
2012.02.04 15:51 B c:\privat\www\building\images\banner-bg.jpg --> linderback.com /monterojo/images banner-bg.jpg
2012.02.04 15:51 B c:\privat\www\building\images\banner-mr.jpg --> linderback.com /monterojo/images banner-mr.jpg
2012.02.04 15:51 B c:\privat\www\building\images\cimber_logo.bmp --> linderback.com /monterojo/images cimber_logo.bmp
2012.02.04 15:51 B c:\privat\www\building\images\destination_logo.JPG --> linderback.com /monterojo/images destination_logo.JPG
2012.02.04 15:51 B c:\privat\www\building\images\flygresor_logo.bmp --> linderback.com /monterojo/images flygresor_logo.bmp
2012.02.04 15:51 B c:\privat\www\building\images\GC007.jpg --> linderback.com /monterojo/images GC007.jpg
2012.02.04 15:51 B c:\privat\www\building\images\GC013.jpg --> linderback.com /monterojo/images GC013.jpg
2012.02.04 15:51 B c:\privat\www\building\images\GC2032.jpg --> linderback.com /monterojo/images GC2032.jpg
2012.02.04 15:51 B c:\privat\www\building\images\GC2032_mod.jpg --> linderback.com /monterojo/images GC2032_mod.jpg
2012.02.04 15:51 B c:\privat\www\building\images\image1.jpg --> linderback.com /monterojo/images image1.jpg
2012.02.04 15:51 B c:\privat\www\building\images\karta.bmp --> linderback.com /monterojo/images karta.bmp
2012.02.04 15:51 B c:\privat\www\building\images\norwegian_logo.bmp --> linderback.com /monterojo/images norwegian_logo.bmp
2012.02.04 15:51 B c:\privat\www\building\images\norwegian_logo.GIF --> linderback.com /monterojo/images norwegian_logo.GIF
2012.02.04 15:51 B c:\privat\www\building\images\norwegian_logo.JPG --> linderback.com /monterojo/images norwegian_logo.JPG
2012.02.04 15:51 B c:\privat\www\building\images\PICT2902_mod.JPG --> linderback.com /monterojo/images PICT2902_mod.JPG
2012.02.04 15:51 B c:\privat\www\building\images\PICT3032.JPG --> linderback.com /monterojo/images PICT3032.JPG
2012.02.04 15:51 B c:\privat\www\building\images\PICT3038.JPG --> linderback.com /monterojo/images PICT3038.JPG
2012.02.04 15:51 B c:\privat\www\building\images\PICT3093.JPG --> linderback.com /monterojo/images PICT3093.JPG
2012.02.04 15:51 B c:\privat\www\building\images\PICT3094.JPG --> linderback.com /monterojo/images PICT3094.JPG
2012.02.04 15:51 B c:\privat\www\building\images\spanair_logo.bmp --> linderback.com /monterojo/images spanair_logo.bmp
2012.02.04 15:51 B c:\privat\www\building\images\supersavertravel_logo.bmp --> linderback.com /monterojo/images supersavertravel_logo.bmp
2012.02.04 15:51 B c:\privat\www\building\images\Thumbs.db --> linderback.com /monterojo/images Thumbs.db
2012.02.04 15:51 B c:\privat\www\building\images\WS_FTP.LOG --> linderback.com /monterojo/images WS_FTP.LOG
2012.03.04 20:38 B c:\privat\www\building\images\banner-bg.jpg --> linderback.com /MonteRojo/images banner-bg.jpg
2012.03.04 20:38 B c:\privat\www\building\images\banner-mr.jpg --> linderback.com /MonteRojo/images banner-mr.jpg
2012.03.04 20:38 B c:\privat\www\building\images\cimber_logo.bmp --> linderback.com /MonteRojo/images cimber_logo.bmp
2012.03.04 20:38 B c:\privat\www\building\images\destination_logo.JPG --> linderback.com /MonteRojo/images destination_logo.JPG
2012.03.04 20:38 B c:\privat\www\building\images\flygresor_logo.bmp --> linderback.com /MonteRojo/images flygresor_logo.bmp
2012.03.04 20:38 B c:\privat\www\building\images\GC007.jpg --> linderback.com /MonteRojo/images GC007.jpg
2012.03.04 20:38 B c:\privat\www\building\images\GC013.jpg --> linderback.com /MonteRojo/images GC013.jpg
2012.03.04 20:38 B c:\privat\www\building\images\GC2032.jpg --> linderback.com /MonteRojo/images GC2032.jpg
2012.03.04 20:38 B c:\privat\www\building\images\GC2032_mod.jpg --> linderback.com /MonteRojo/images GC2032_mod.jpg
2012.03.04 20:38 B c:\privat\www\building\images\IMAG0275.jpg --> linderback.com /MonteRojo/images IMAG0275.jpg
2012.03.04 20:38 B c:\privat\www\building\images\IMAG0275_mod.jpg --> linderback.com /MonteRojo/images IMAG0275_mod.jpg
2012.03.04 20:38 B c:\privat\www\building\images\IMAG0283.jpg --> linderback.com /MonteRojo/images IMAG0283.jpg
2012.03.04 20:38 B c:\privat\www\building\images\IMAG0283_mod.jpg --> linderback.com /MonteRojo/images IMAG0283_mod.jpg
2012.03.04 20:38 B c:\privat\www\building\images\IMAG0285.jpg --> linderback.com /MonteRojo/images IMAG0285.jpg
2012.03.04 20:38 B c:\privat\www\building\images\IMAG0285_mod.jpg --> linderback.com /MonteRojo/images IMAG0285_mod.jpg
2012.03.04 20:39 B c:\privat\www\building\images\image1.jpg --> linderback.com /MonteRojo/images image1.jpg
2012.03.04 20:39 B c:\privat\www\building\images\norwegian_logo.bmp --> linderback.com /MonteRojo/images norwegian_logo.bmp
2012.03.04 20:39 B c:\privat\www\building\images\norwegian_logo.GIF --> linderback.com /MonteRojo/images norwegian_logo.GIF
2012.03.04 20:39 B c:\privat\www\building\images\norwegian_logo.JPG --> linderback.com /MonteRojo/images norwegian_logo.JPG
2012.03.04 20:39 B c:\privat\www\building\images\PICT2902_mod.JPG --> linderback.com /MonteRojo/images PICT2902_mod.JPG
2012.03.04 20:39 B c:\privat\www\building\images\PICT3032.JPG --> linderback.com /MonteRojo/images PICT3032.JPG
2012.03.04 20:39 B c:\privat\www\building\images\PICT3038.JPG --> linderback.com /MonteRojo/images PICT3038.JPG
2012.03.04 20:39 B c:\privat\www\building\images\PICT3093.JPG --> linderback.com /MonteRojo/images PICT3093.JPG
2012.03.04 20:39 B c:\privat\www\building\images\PICT3094.JPG --> linderback.com /MonteRojo/images PICT3094.JPG
2012.03.04 20:39 B c:\privat\www\building\images\spanair_logo.bmp --> linderback.com /MonteRojo/images spanair_logo.bmp
2012.03.04 20:39 B c:\privat\www\building\images\supersavertravel_logo.bmp --> linderback.com /MonteRojo/images supersavertravel_logo.bmp
2012.03.04 20:39 B c:\privat\www\building\images\Thumbs.db --> linderback.com /MonteRojo/images Thumbs.db
2012.03.04 20:39 B c:\privat\www\building\images\WS_FTP.LOG --> linderback.com /MonteRojo/images WS_FTP.LOG
2012.03.05 20:05 B c:\privat\www\building\images\IMAG0275_mod.jpg --> linderback.com /MonteRojo/images IMAG0275_mod.jpg
2012.03.05 20:16 B c:\privat\www\building\images\IMAG0275_mod.jpg --> linderback.com /MonteRojo/images IMAG0275_mod.jpg
2012.03.05 20:19 B c:\privat\www\building\images\IMAG0275_mod.jpg --> linderback.com /MonteRojo/images IMAG0275_mod.jpg
2012.03.05 20:29 B c:\privat\www\building\images\IMAG0275_mod.jpg --> linderback.com /MonteRojo/images IMAG0275_mod.jpg
2012.03.05 20:31 B c:\privat\www\building\images\IMAG0285_mod.jpg --> linderback.com /MonteRojo/images IMAG0285_mod.jpg
2012.03.05 20:48 B c:\privat\www\building\images\banner-bg.jpg --> linderback.com /MonteRojo/images banner-bg.jpg
2012.03.05 20:48 B c:\privat\www\building\images\banner-mr.jpg --> linderback.com /MonteRojo/images banner-mr.jpg
2012.03.05 20:48 B c:\privat\www\building\images\cimber_logo.bmp --> linderback.com /MonteRojo/images cimber_logo.bmp
2012.03.05 20:48 B c:\privat\www\building\images\destination_logo.JPG --> linderback.com /MonteRojo/images destination_logo.JPG
2012.03.05 20:48 B c:\privat\www\building\images\flygresor_logo.bmp --> linderback.com /MonteRojo/images flygresor_logo.bmp
2012.03.05 20:48 B c:\privat\www\building\images\GC007.jpg --> linderback.com /MonteRojo/images GC007.jpg
2012.03.05 20:48 B c:\privat\www\building\images\GC013.jpg --> linderback.com /MonteRojo/images GC013.jpg
2012.03.05 20:48 B c:\privat\www\building\images\GC2032.jpg --> linderback.com /MonteRojo/images GC2032.jpg
2012.03.05 20:48 B c:\privat\www\building\images\GC2032_mod.jpg --> linderback.com /MonteRojo/images GC2032_mod.jpg
2012.03.05 20:48 B c:\privat\www\building\images\IMAG0134.jpg --> linderback.com /MonteRojo/images IMAG0134.jpg
2012.03.05 20:48 B c:\privat\www\building\images\IMAG0275.jpg --> linderback.com /MonteRojo/images IMAG0275.jpg
2012.03.05 20:48 B c:\privat\www\building\images\IMAG0275_mod.JPG --> linderback.com /MonteRojo/images IMAG0275_mod.JPG
2012.03.05 20:48 B c:\privat\www\building\images\IMAG0283.jpg --> linderback.com /MonteRojo/images IMAG0283.jpg
2012.03.05 20:49 B c:\privat\www\building\images\IMAG0283_mod.jpg --> linderback.com /MonteRojo/images IMAG0283_mod.jpg
2012.03.05 20:49 B c:\privat\www\building\images\IMAG0285.jpg --> linderback.com /MonteRojo/images IMAG0285.jpg
2012.03.05 20:49 B c:\privat\www\building\images\IMAG0285_mod.jpg --> linderback.com /MonteRojo/images IMAG0285_mod.jpg
2012.03.05 20:49 B c:\privat\www\building\images\IMAG0286.jpg --> linderback.com /MonteRojo/images IMAG0286.jpg
2012.03.05 20:49 B c:\privat\www\building\images\IMAG0286_mod.JPG --> linderback.com /MonteRojo/images IMAG0286_mod.JPG
2012.03.05 20:49 B c:\privat\www\building\images\IMAG0287.jpg --> linderback.com /MonteRojo/images IMAG0287.jpg
2012.03.05 20:49 B c:\privat\www\building\images\IMAG0287_mod.JPG --> linderback.com /MonteRojo/images IMAG0287_mod.JPG
2012.03.05 20:49 B c:\privat\www\building\images\IMAG0292.jpg --> linderback.com /MonteRojo/images IMAG0292.jpg
2012.03.05 20:49 B c:\privat\www\building\images\IMAG0292_mod.JPG --> linderback.com /MonteRojo/images IMAG0292_mod.JPG
2012.03.05 20:49 B c:\privat\www\building\images\image1.jpg --> linderback.com /MonteRojo/images image1.jpg
2012.03.05 20:49 B c:\privat\www\building\images\karta.bmp --> linderback.com /MonteRojo/images karta.bmp
2012.03.05 20:49 B c:\privat\www\building\images\norwegian_logo.bmp --> linderback.com /MonteRojo/images norwegian_logo.bmp
2012.03.05 20:49 B c:\privat\www\building\images\norwegian_logo.GIF --> linderback.com /MonteRojo/images norwegian_logo.GIF
2012.03.05 20:49 B c:\privat\www\building\images\norwegian_logo.JPG --> linderback.com /MonteRojo/images norwegian_logo.JPG
2012.03.05 20:49 B c:\privat\www\building\images\PICT2902_mod.JPG --> linderback.com /MonteRojo/images PICT2902_mod.JPG
2012.03.05 20:49 B c:\privat\www\building\images\PICT3032.JPG --> linderback.com /MonteRojo/images PICT3032.JPG
2012.03.05 20:49 B c:\privat\www\building\images\PICT3038.JPG --> linderback.com /MonteRojo/images PICT3038.JPG
2012.03.05 20:49 B c:\privat\www\building\images\PICT3093.JPG --> linderback.com /MonteRojo/images PICT3093.JPG
2012.03.05 20:49 B c:\privat\www\building\images\PICT3094.JPG --> linderback.com /MonteRojo/images PICT3094.JPG
2012.03.05 20:49 B c:\privat\www\building\images\spanair_logo.bmp --> linderback.com /MonteRojo/images spanair_logo.bmp
2012.03.05 20:49 B c:\privat\www\building\images\supersavertravel_logo.bmp --> linderback.com /MonteRojo/images supersavertravel_logo.bmp
2012.03.05 20:49 B c:\privat\www\building\images\Thumbs.db --> linderback.com /MonteRojo/images Thumbs.db
